0.762373
0.444242
0.344379
0.471132
0.447285
0.412881
0.301100
0.495095
0.278603
0.320648
0.313834
0.314921
0.407469
0.311362
0.321489
0.514722
0.312854
0.405543
0.319186
0.270546
0.241162
0.343388
0.368046
0.416540
0.263288
0.295096
0.219088
0.306604
0.332623
0.212433
0.328010
0.283624
0.323703
0.192333
0.263773
0.398883
0.210702
0.333187
0.399000
0.219182
0.235408
0.300434
0.215638
0.303494
0.306131
0.289048
0.228384
0.281868
0.231601
0.246357
0.248635
0.315686
0.340986
0.285193
0.182071
0.222351
0.283691
0.229589
0.176166
0.243125
0.189779
0.229524
0.188831
0.316027
0.228343
0.182966
0.260118
0.268475
0.191275
0.223742
0.229302
0.153120
0.151852
0.130362
0.157298
0.219690
0.224804
0.184141
0.254928
0.255369
0.139121
0.155125
0.197937
0.227754
0.153123
0.259908
0.157361
0.199474
0.172949
0.179430
0.162957
0.097553
0.194583
0.165688
0.195435
0.228517
0.268546
0.176221
0.229129
0.166642
0.186841
0.224915
0.126128
0.185528
0.189480
0.127499
0.158827
0.179979
0.205760
0.209483
0.169988
0.243274
0.120154
0.131781
0.118978
0.146351
0.104027
0.150065
0.179576
0.174925
0.127388
0.173197
0.209180
0.141419
0.117830
0.144290
0.143944
0.144025
0.200161
0.158156
0.166848
0.185722
0.128613
0.148675
0.121518
0.129079
0.129741
0.137923
0.105603
0.150566
0.101018
0.162035
0.086353
0.283426
0.138420
0.118176
0.112214
0.121000
0.157246
0.111154
0.329197
0.081772
0.114142
0.098393
0.104862
0.157121
0.108611
0.134090
0.124887
0.123440
0.135653
0.101835
0.140734
0.077950
0.141597
0.123634
0.099093
0.134216
0.129875
0.109526
0.155082
0.128792
0.126438
0.070110
0.122222
0.070008
0.127279
0.135206
0.135102
0.085676
0.120269
0.094959
0.110152
0.138533
0.097538
0.069890
0.110104
0.079731
0.078330
0.108941
0.103596
0.079111
0.083518
0.122705
0.113369
0.093536
0.086905
0.111738
0.280339
0.131367
0.082894
0.066665
0.091327
0.081874
0.098718
0.053341
0.102315
0.078842
0.075006
0.108663
0.086915
0.085081
0.082564
0.086412
0.096543
0.104232
0.085602
0.090274
0.063509
0.081971
0.080728
0.067359
0.116645
0.079591
0.076516
0.093864
0.073704
0.079684
0.066984
0.072613
0.081134
0.125639
0.076690
0.084611
0.063619
0.054990
0.071317
0.071500
0.170407
0.066902
0.078357
0.047029
0.064026
0.085220
0.057986
0.080997
0.087774
0.090767
0.051068
0.065799
0.068812
0.055840
0.059992
0.072292
0.068630
0.130306
0.160475
0.096665
0.051557
0.083332
0.080712
0.050439
0.076827
0.090900
0.123609
0.060213
0.043560
0.075493
0.056991
0.057874
0.056176
0.085817
0.115291
0.076735
0.075830
0.050602
0.043460
0.077128
0.076400
0.068123
0.054694
0.060884
0.045052
0.060757
0.069387
0.081791
0.082361
0.128106
0.049786
0.037154
0.047378
0.073234
0.084998
0.051010
0.043396
0.060913
0.088352
0.076243
0.059434
0.037485
0.064073
0.052738
0.081077
0.049082
0.047389
0.065101
0.062781
0.047582
0.059714
0.067719
0.044032
0.056151
0.047881
0.052554
0.083362
0.048510
0.044119
0.047761
0.052445
0.055596
0.056022
0.041042
0.043721
0.034047
0.069109
0.063032
0.075992
0.044060
0.066011
0.060964
0.077101
0.044196
0.034145
0.041863
0.056601
0.058371
0.039844
0.072273
0.049056
0.039494
0.062230
0.044808
0.054756
0.064691
0.056511
0.053592
0.043654
0.043552
0.031066
0.048915
0.050442
0.055364
0.031955
0.043637
0.049765
0.053755
0.043507
0.037016
0.028240
0.074953
0.060614
0.039734
0.056440
0.040985
0.039484
0.026173
0.051576
0.041079
0.026456
0.143398
0.048727
0.049492
0.030604
0.120781
0.046268
0.043248
0.045702
0.072271
0.036130
0.025652
0.054084
0.025427
0.075747
0.043243
0.048704
0.048385
0.031807
0.052372
0.052312
0.030162
0.074362
0.032647
0.068468
0.018908
0.066626
0.027948
0.040173
0.028537
0.048099
0.046306
0.068531
0.030342
0.046548
0.037473
0.034350
0.046425
0.062117
0.043488
0.114791
0.032762
0.030005
0.025981
0.031292
0.033705
0.035665
0.033098
0.029356
0.030265
0.043268
0.032406
0.044599
0.032193
0.031627
0.023906
0.026771
0.063571
0.040431
0.075150
0.103487
0.049745
0.036841
0.046297
0.026516
0.031771
0.041244
0.115491
0.034501
0.029767
0.038178
0.060604
0.048959
0.032446
0.033560
0.032928
0.037773
0.041984
0.035731
0.037010
0.027706
0.028439
0.036693
0.020657
0.032454
0.029057
0.032503
0.035060
0.033608
0.030955
0.037449
0.046579
0.036857
0.032973
0.036103
0.025417
0.027359
0.034264
0.027479
0.038337
0.039567
0.038360
0.030706
0.038296
0.049706
0.042398
0.029945
0.026462
0.026951
0.036967
0.042377
0.025870
0.034394
0.035974
0.034640
0.029301
0.022714
0.049942
0.069036
0.030531
0.031781
0.024432
0.022660
0.030827
0.039244
0.036127
0.036550
0.034789
0.026286
0.077950
0.040176
0.023813
0.023994
0.040198
0.047935
0.032808
0.029876
0.026571
0.051931
0.029217
0.045013
0.027761
0.033907
0.031152
0.022975
0.029157
0.066559
0.035092
0.050295
0.032842
0.022424
0.025084
0.027765
0.029991
0.133224
0.147186
0.093278
0.029098
0.025964
0.036451
0.020947
0.030468
0.035868
0.036384
0.054154
0.031548
0.028499
0.030260
0.027961
0.037315
0.086312
0.042448
0.023070
0.024591
0.044551
0.054736
0.045940
0.027469
0.030920
0.064456
0.025549
0.033199
0.024517
0.030082
0.035070
0.024391
0.030605
0.022700
0.033779
0.022384
0.029339
0.017703
0.024710
0.026334
0.097427
0.042240
0.026412
0.021327
0.057614
0.029461
0.021677
0.029886
0.030059
0.025411
0.019645
0.026659
0.028202
0.028691
0.038164
0.051103
0.024759
0.023975
0.021370
0.026385
0.020334
0.022295
0.032832
0.025887
0.034307
0.038525
0.023899
0.073979
0.031249
0.038602
0.041517
0.033281
0.052384
0.025570
0.015378
0.026897
0.024897
0.017705
0.021253
0.022353
0.017813
0.026267
0.076063
0.051065
0.030629
0.054138
0.033485
0.027666
0.015100
0.023003
0.048680
0.030798
0.030173
0.026111
0.026795
0.028189
0.019992
0.039328
0.023888
0.025560
0.022239
0.059013
0.023909
0.020417
0.020969
0.023303
0.042805
0.030795
0.021003
0.035932
0.022460
0.020414
0.026653
0.033323
0.073536
0.046623
0.038241
0.025970
0.030962
0.024225
0.026109
0.027345
0.028392
0.024718
0.022041
0.037696
0.026824
0.026401
0.020469
0.059219
0.038283
0.045029
0.024689
0.017911
0.027358
0.040574
0.024672
0.025636
0.018931
0.027664
0.029991
0.018820
0.020622
0.019706
0.022978
0.036014
0.048293
0.019730
0.023308
0.026540
0.018429
0.015065
0.022981
0.016846
0.036696
0.038760
0.024243
0.024025
0.024471
0.023628
0.023935
0.023429
0.028486
0.016916
0.031734
0.027094
0.025777
0.019332
0.033468
0.019877
0.020670
0.034508
0.028011
0.037080
0.022545
0.016695
0.021821
0.025973
0.019624
0.021625
0.026994
0.027982
0.021651
0.021679
0.018520
0.031141
0.021693
0.032329
0.021711
0.019025
0.029755
0.027568
0.040309
0.132814
0.028244
0.021617
0.016927
0.023877
0.019440
0.021292
0.023483
0.016701
0.025793
0.015191
0.025980
0.020540
0.019831
0.019215
0.024502
0.022655
0.020808
0.037834
0.068901
0.021598
0.020850
0.016462
0.027925
0.044875
0.024157
0.019775
0.018319
0.021613
0.024063
0.016506
0.019432
0.016447
0.014891
0.032799
0.016380
0.048416
0.091052
0.038572
0.018375
0.052776
0.028555
0.023554
0.041439
0.019513
0.015307
0.020722
0.030442
0.019772
0.014556
0.046711
0.022055
0.020238
0.022994
0.018233
0.045870
0.019372
0.016058
0.020885
0.018573
0.017264
0.017892
0.021892
0.033438
0.019863
0.019197
0.018050
0.020576
0.017325
0.028129
0.020361
0.026739
0.028431
0.019088
0.016912
0.016145
0.019504
0.033746
0.030839
0.041008
0.031969
0.035581
0.019118
0.017294
0.032332
0.030253
0.019045
0.020520
0.016827
0.016599
0.017487
0.016987
0.020803
0.018839
0.022413
0.027959
0.016494
0.029741
0.031693
0.016660
0.014751
0.021977
0.018315
0.034363
0.020637
0.018141
0.013842
0.010632
0.017142
0.025397
0.019528
0.016509
0.014078
0.022429
0.018622
0.018143
0.021692
0.016410
0.015685
0.027309
0.015660
0.044954
0.049943
0.047065
0.037193
0.016689
0.016618
0.019830
0.019772
0.024583
0.022360
0.018136
0.019817
0.018580
0.019054
0.026398
0.016463
0.017607
0.032290
0.024366
0.026004
0.016584
0.015512
0.022790
0.026824
0.026481
0.042652
0.036799
0.016120
0.020773
0.026402
0.022090
0.018795
0.019404
0.018300
0.020102
0.023059
0.022318
0.014457
0.021459
0.027031
0.009660
0.021566
0.023272
0.101503
0.024169
0.030542
0.017268
0.014408
0.022780
0.014687
0.070575
0.020578
0.034626
0.020396
0.020738
0.021280
0.013470
0.016134
0.014915
0.019125
0.013591
0.030180
0.012926
0.013934
0.015191
0.017998
0.020274
0.022716
0.018144
0.016118
0.027491
0.025365
0.026388
0.016254
0.041762
0.017748
0.017670
0.018182
0.015153
0.017357
0.014369
0.018754
0.018536
0.011551
0.018065
0.021351
0.016445
0.024570
0.117048
0.077426
0.019053
0.024124
0.023973
0.022563
0.015862
0.014223
0.013816
0.018523
0.015725
0.023418
0.021504
0.013244
0.012859
0.015891
0.014605
0.014159
0.016499
0.015456
0.013637
0.023542
0.015726
0.011348
0.024024
0.023473
0.016901
0.016599
0.018174
0.064840
0.018429
0.021163
0.019305
0.018927
0.022934
0.011893
0.010753
0.016745
0.015022
0.018882
0.018342
0.020376
0.014796
0.190563
0.021661
0.018110
0.015936
0.013910
0.025188
0.030362
0.027570
0.020921
0.020158
0.020942
0.017665
0.018833
0.018396
0.016881
0.015556
0.022511
0.018714
0.037133
0.021938
0.020005
0.017700
0.026515
0.016619
0.013683
0.014573
0.040858
0.018029
0.021397
0.021679
0.029263
0.015575
0.015684
0.020207
0.022601
0.017281
0.009776
0.022166
0.016096
0.018599
0.020838
0.025706
0.056395
0.016960
0.015324
0.019480
0.017592
0.019388
0.013288
0.017692
0.017959
0.020321
0.017215
0.013377
0.014871
0.015197
0.023556
0.016842
0.016985
0.016857
0.018764
0.014014
0.078538
0.026412
0.029451
0.023875
0.023114
0.014161
0.014799
0.011267
0.016130
0.015904
0.023478
0.016583
0.016437
0.017186
0.011037
0.019344
0.016306
0.013272
0.012522
0.018850
0.017304
0.018345
0.013816
0.025727
0.016360
0.011994
0.013423
0.013147
0.018858
0.015576
0.012553
0.016696
0.021095
0.014284
0.015461
0.014151
0.018320
0.015466
0.016185
0.021333
0.022679
0.059960
0.033539
0.019795
0.016906
0.013608
0.017680
0.017354
0.009878
0.024093
0.013786
0.011038
0.016097
0.013645
0.015780
0.019547
0.014649
0.012133
0.024413
0.031032
0.018512
0.018732
0.037286
0.010888
0.011136
0.017886
0.025253
0.023585
0.037770
0.019902
0.012640
0.293706
0.021132
0.019528
0.016298
0.014229
0.013207
0.013542
0.012956
0.012924
0.019096
0.014112
0.020746
0.012753
0.014780
0.011865
0.013397
0.014881
0.013451
0.017624
0.012598
0.016247
0.014365
0.013343
0.018861
0.015281
0.015297
0.015043
0.043547
0.025093
0.018939
0.014829
0.012310
0.016430
0.016896
0.021749
0.014396
0.011553
0.012924
0.012532
0.014994
0.013682
0.013596
0.044412
0.019213
0.013765
0.024249
0.020642
0.018504
0.014701
0.016256
0.014268
0.011649
0.016122
0.011304
0.017958
0.010117
0.014725
0.011582
0.015774
0.011935
0.015854
0.021477
0.017460
0.013455
0.024756
0.018785
0.013513
0.013152
0.018258
0.018602
0.019292
0.014865
0.017908
0.014141
0.027851
0.035094
0.021235
0.014237
0.014102
0.018557
0.029624
0.047181
0.020533
0.018153
0.012530
0.013540
0.017280
0.014013
0.012476
0.017079
0.016115
0.015502
0.011845
0.016876
0.015108
0.015524
0.008916
0.017659
0.014185
0.019008
0.011662
0.010494
0.014264
0.014187
0.012162
0.016597
0.012466
0.014693
0.015246
0.014661
0.012841
0.011712
0.012025
0.013817
0.013540
0.013989
0.016057
0.019310
0.106030
0.025773
0.021914
0.014380
0.016358
0.017881
0.014187
0.017911
0.013445
0.014203
0.009128
0.013503
0.014194
0.015020
0.013542
0.016844
0.016544
0.014589
0.008807
0.015389
0.029670
0.012526
0.012489
0.016092
0.011094
0.014813
0.009952
0.012973
0.012064
0.016424
0.019216
0.010901
0.018014
0.015804
0.016139
0.010922
0.013671
0.023056
0.011776
0.012246
0.023208
0.014820
0.017052
0.014709
0.012814
0.014849
0.013639
0.076056
0.019074
0.017291
0.017242
0.021147
0.017845
0.016688
0.018200
0.014365
0.017910
0.013022
0.010369
0.013807
0.017788
0.014090
0.015024
0.013025
0.013884
0.012906
0.012281
0.014318
0.010421
0.020760
0.013109
0.017545
0.021269
0.013086
0.011469
0.012804
0.011986
0.012026
0.010347
0.013109
0.009154
0.009923
0.023637
0.023049
0.015579
0.021058
0.016602
0.022001
0.017372
0.011429
0.014607
0.012711
0.019936
0.014223
0.011222
0.012290
0.011388
0.010568
0.012397
0.015187
0.014843
0.015938
0.015452
0.011378
0.012673
0.030059
0.035055
0.046361
0.014566
0.017852
0.013280
0.011933
0.011163
0.015362
0.013710
0.019222
0.015545
0.012729
0.009400
0.013417
0.009273
0.016635
0.013926
0.016231
0.014073
0.012591
0.010095
0.014555
0.011671
0.011971
0.011405
0.023077
0.079710
0.018092
0.017676
0.014028
0.017209
0.015657
0.012832
0.013332
0.014403
0.015361
0.011774
0.013464
0.015151
0.018891
0.013098
0.011607
0.013265
0.014572
0.010914
0.012764
0.012534
0.011994
0.013827
0.010984
0.011926
0.013710
0.009442
0.019558
0.008859
0.015595
0.014975
0.017240
0.012254
0.015307
0.019290
0.043461
0.016315
0.013984
0.017260
0.011966
0.011910
0.013275
0.012198
0.012421
0.014154
0.015460
0.010257
0.016879
0.010638
0.016257
0.011742
0.011650
0.007640
0.015201
0.011898
0.018881
0.009737
0.015258
0.013169
0.009257
0.017317
0.022401
0.017841
0.032997
0.011977
0.022543
0.011763
0.009139
0.015968
0.030013
0.012491
0.012618
0.026713
0.010084
0.011904
0.011421
0.026195
0.017124
0.028873
0.013898
0.015849
0.025715
0.014328
0.011843
0.009994
0.013140
0.011021
0.012593
0.015174
0.014878
0.009769
0.013044
0.013215
0.009172
0.012120
0.011357
0.016715
0.010026
0.010809
0.008149
0.014122
0.012604
0.010012
0.009839
0.016773
0.007835
0.011464
0.008234
0.016371
0.010942
0.020095
0.051200
0.019268
0.015664
0.014112
0.012457
0.020310
0.018014
0.008833
0.011474
0.012523
0.009324
0.012797
0.011071
0.025333
0.012410
0.018035
0.014603
0.015394
0.009957
0.013658
0.012694
0.013421
0.010573
0.011995
0.011595
0.015526
0.009454
0.011332
0.011714
0.028489
0.071716
0.020886
0.016559
0.017174
0.014595
0.012312
0.009019
0.126176
0.021713
0.015291
0.011721
0.014387
0.010571
0.017170
0.010204
0.010612
0.015711
0.017252
0.018857
0.013176
0.008203
0.014744
0.011255
0.012542
0.010492
0.014225
0.014876
0.012207
0.016670
0.011156
0.010917
0.009646
0.013112
0.010636
0.013850
0.012381
0.011375
0.012588
0.013394
0.011786
0.019001
0.017521
0.012501
0.012027
0.012479
0.013550
0.012465
0.019646
0.009032
0.015333
0.010066
0.012713
0.012100
0.008381
0.013799
0.009842
0.008444
0.008454
0.009191
0.010804
0.008502
0.008034
0.010774
0.008447
0.009074
0.009748
0.008865
0.013545
0.011654
0.009780
0.010769
0.013252
0.009716
0.012964
0.010520
0.010505
0.008583
0.011311
0.011022
0.011870
0.008324
0.013747
0.011893
0.007368
0.010064
0.017865
0.012181
0.007132
0.010722
0.007934
0.007148
0.008801
0.011310
0.006692
0.007988
0.008201
0.009542
0.008074
0.017151
0.009271
0.007400
0.008107
0.010039
0.010820
0.009583
0.008905
0.013144
0.008222
0.012255
0.017360
0.012855
0.013037
0.010563
0.009791
0.012250
0.008490
0.009768
0.008129
0.011850
0.011966
0.011070
0.013619
0.010591
0.008772
0.011534
0.010244
0.010592
0.007730
0.010817
0.011299
0.013032
0.008877
0.008385
0.010216
0.007641
0.014090
0.011815
0.011547
0.009086
0.013315
0.008227
0.017191
0.008045
0.009994
0.011965
0.007955
0.010917
0.007023
0.010368
0.008139
0.009988
0.008146
0.009980
0.009322
0.010023
0.009513
0.009086
0.011591
0.009530
0.009830
0.011194
0.007139
0.010677
0.009709
0.008831
0.012893
0.008952
0.007139
0.010051
0.009982
0.009227
0.014127
0.010743
0.009570
0.010830
0.008330
0.010588
0.010847
0.008409
0.009630
0.010071
0.010545
0.008998
0.011181
0.012634
0.012356
0.013146
0.006540
0.010112
0.006960
0.007376
0.006828
0.011431
0.009801
0.009293
0.009020
0.008413
0.008261
0.012214
0.008901
0.009733
0.008118
0.007713
0.008874
0.010845
0.009426
0.007363
0.011325
0.009394
0.008549
0.006541
0.009451
0.015113
0.008261
0.006906
0.010274
0.008654
0.010883
0.006804
0.006440
0.011929
0.009603
0.006890
0.012498
0.008862
0.007306
0.006366
0.008909
0.009817
0.007444
0.008962
0.010603
0.008078
0.009810
0.009154
0.011982
0.010533
0.011115
0.009524
0.009216
0.008550
0.010283
0.008149
0.011027
0.012961
0.009045
0.006777
0.008092
0.008998
0.011177
0.007859
0.009888
0.009003
0.006528
0.008370
0.008606
0.010890
0.010354
0.009452
0.010236
0.008427
0.008276
0.007826
0.012527
0.007931
0.007771
0.009649
0.007333
0.008365
0.006582
0.010602
0.008336
0.009536
0.008432
0.007791
0.009628
0.008235
0.007547
0.009497
0.013215
0.010313
0.017331
0.009095
0.012153
0.008225
0.010915
0.008496
0.008614
0.011961
0.007922
0.010070
0.010142
0.009026
0.007750
0.007980
0.007672
0.007742
0.008770
0.007372
0.013247
0.009569
0.010058
0.006640
0.008906
0.011663
0.013921
0.007484
0.009807
0.010583
0.007232
0.011302
0.007891
0.009784
0.008920
0.009103
0.014952
0.010372
0.009498
0.009396
0.014750
0.010273
0.008310
0.010980
0.005199
0.011461
0.007494
0.010124
0.016293
0.007632
0.007081
0.007542
0.008281
0.009542
0.009156
0.007867
0.007333
0.010442
0.013622
0.012214
0.009376
0.009074
0.010980
0.008347
0.011156
0.009170
0.009344
0.007232
0.007881
0.010194
0.015055
0.008700
0.008835
0.008828
0.008842
0.012147
0.008020
0.012921
0.011944
0.009020
0.008082
0.009554
0.007899
0.012265
0.009268
0.011557
0.009679
0.008967
0.011413
0.008814
0.006183
0.008129
0.009517
0.010476
0.013122
0.010884
0.010459
0.010193
0.010664
0.007400
0.009275
0.010241
0.007677
0.007282
0.012292
0.009041
0.007286
0.009438
0.008599
0.008951
0.009420
0.007409
0.012218
0.009543
0.010099
0.010108
0.007788
0.010927
0.012435
0.010271
0.012361
0.007787
0.010512
0.009901
0.013210
0.008412
0.011488
0.008375
0.007363
0.009261
0.007847
0.009630
0.007885
0.007913
0.007968
0.007398
0.010232
0.007601
0.012388
0.008205
0.010870
0.009198
0.014934
0.010309
0.010035
0.011078
0.014331
0.006810
0.007340
0.009836
0.010307
0.010337
0.007277
0.008384
0.007114
0.007233
0.007674
0.010805
0.007550
0.010578
0.008035
0.006818
0.012495
0.008236
0.008556
0.008233
0.006598
0.010799
0.010282
0.008678
0.009952
0.008083
0.007417
0.007687
0.010668
0.010960
0.009743
0.007435
0.008514
0.010373
0.009077
0.010478
0.007984
0.008182
0.009279
0.008151
0.009099
0.009722
0.006419
0.007997
0.012452
0.008316
0.008225
0.006840
0.013314
0.011391
0.008835
0.007175
0.008007
0.008930
0.006198
0.008282
0.008993
0.008380
0.007184
0.007374
0.010329
0.008143
0.007388
0.008846
0.010939
0.010533
0.007011
0.007506
0.007726
0.008562
0.016590
0.009245
0.007979
0.007899
0.006975
0.010282
0.011417
0.008697
0.007697
0.009433
0.010083
0.009811
0.008600
0.006107
0.008657
0.009075
0.007441
0.006587
0.009858
0.010154
0.008915
0.010678
0.009197
0.011138
0.009639
0.007405
0.010715
0.013917
0.008677
0.006483
0.011181
0.010101
0.006683
0.008565
0.006488
0.008078
0.007250
0.007481
0.006112
0.012142
0.009839
0.008397
0.013050
0.007444
0.012721
0.008688
0.008462
0.009298
0.009086
0.010945
0.009358
0.009163
0.009113
0.008936
0.009698
0.017190
0.008824
0.006054
0.010075
0.009296
0.009270
0.010474
0.008489
0.006582
0.007342
0.008819
0.010920
0.011473
0.014897
0.011344
0.011878
0.010416
0.012094
0.010378
0.009434
0.009444
0.008434
0.015789
0.008778
0.007022
0.007331
0.008238
0.008313
0.007531
0.007716
0.007397
0.007289
0.008203
0.012683
0.007490
0.006595
0.008650
0.005991
0.006757
0.009724
0.016261
0.007931
0.010090
0.008640
0.008487
0.007539
0.009477
0.009711
0.009134
0.010128
0.009011
0.006876
0.007744
0.009332
0.008269
0.007640
0.009374
0.006269
0.007403
0.010876
0.006888
0.009379
0.008594
0.007898
0.008967
0.009325
0.008622
0.009064
0.007392
0.008620
0.008601
0.007870
0.008901
0.009990
0.014745
0.008080
0.009831
0.009700
0.010324
0.010881
0.008368
0.009103
0.005917
0.007464
0.007226
0.010443
0.008157
0.008064
0.007363
0.008793
0.008643
0.012750
0.006480
0.010671
0.006914
0.010025
0.007596
0.010168
0.008450
0.007549
0.007474
0.017106
0.010357
0.010448
0.006543
0.008144
0.006459
0.008632
0.010823
0.009219
0.008196
0.006139
0.008523
0.006935
0.007234
0.007699
0.010939
0.010210
0.009993
0.008744
0.013222
0.010776
0.007564
0.010842
0.008901
0.011814
0.008526
0.009714
0.009633
0.010569
0.010430
0.006526
0.010615
0.008674
0.009957
0.008201
0.008625
0.007934
0.007850
0.008001
0.010072
0.011067
0.005539
0.009736
0.007635
0.009591
0.009484
0.009484
0.009693
0.008985
0.014354
0.006772
0.009393
0.009034
0.006844
0.012193
0.008960
0.005919
0.010630
0.009092
0.009234
0.011793
0.007551
0.011203
0.014379
0.010731
0.005536
0.008935
0.007184
0.008272
0.010788
0.006659
0.008435
0.009692
0.007081
0.009478
0.009622
0.009047
0.005566
0.009771
0.008622
0.008554
0.009923
0.010211
0.005992
0.008013
0.010769
0.008210
0.009765
0.009550
0.010448
0.010072
0.008713
0.006976
0.011031
0.009877
0.006906
0.009204
0.009547
0.008095
0.007254
0.008667
0.006886
0.010709
0.009621
0.008778
0.007148
0.008535
0.008485
0.006896
0.007781
0.004800
0.010697
0.008174
0.008270
0.008280
0.008767
0.006503
0.008359
0.007200
0.006951
0.007450
0.009903
0.011690
0.009791
0.009525
0.006446
0.009087
0.007587
0.010293
0.007755
0.007193
0.004965
0.008040
0.006234
0.008826
0.013485
0.008265
0.008495
0.009788
0.008052
0.010905
0.009595
0.009384
0.008237
0.007836
0.007969
0.007769
0.006961
0.007282
0.007501
0.006490
0.006501
0.007472
0.008863
0.009098
0.008623
0.008474
0.010470
0.009633
0.009339
0.008984
0.007708
0.008798
0.008950
0.009019
0.008166
0.009703
0.007851
0.006547
0.009666
0.009957
0.008272
0.010370
0.007458
0.007426
0.007359
0.007789
0.008323
0.006369
0.010285
0.007300
0.007510
0.007047
0.006403
0.007391
0.011002
0.007825
0.006774
0.007289
0.008934
0.008981
0.008550
0.006886
0.008159
0.009998
0.008103
0.007708
0.009899
0.009196
0.008365
0.007509
0.008076
0.008000
0.009981
0.008320
0.007385
0.012641
0.009196
0.012082
0.007189
0.007298
0.009201
0.010093
0.009372
0.010755
0.005654
0.007047
0.011750
0.007149
0.008150
0.008445
0.009585
0.007981
0.010628
0.012495
0.011378
0.008281
0.009920
0.008378
0.010217
0.008568
0.009448
0.008479
0.009612
0.008748
0.006475
0.007608
0.006608
0.007280
0.007106
0.008225
0.009201
0.007936
0.009031
0.007672
0.007782
0.009114
0.010670
0.008334
0.006686
0.015484
0.005883
0.010736
0.007236
0.009383
0.011482
0.008349
0.006446
0.010216
0.006270
0.006587
0.008427
0.013074
0.006534
0.007022
0.009485
0.012592
0.006905
0.008470
0.007158
0.007388
0.008125
0.009913
0.007112
0.007787
0.009757
0.008677
0.007126
0.007582
0.006215
0.007906
0.009801
0.007607
0.007819
0.008782
0.010696
0.006526
0.015388
0.006235
0.005706
0.007858
0.008609
0.008016
0.008302
0.009292
0.007333
0.007034
0.010652
0.007924
0.006914
0.006999
0.008275
0.011804
0.008150
0.007285
0.008604
0.009089
0.008583
0.008098
0.007558
0.012427
0.006361
0.010344
0.011880
0.011391
0.009560
0.006420
0.007542
0.008558
0.007615
0.007707
0.006701
0.011795
0.008726
0.007984
0.006264
0.006875
0.015214
0.009082
0.009374
0.006495
0.007057
0.007380
0.009027
0.007982
0.008510
0.008991
0.007480
0.008367
0.007016
0.012023
0.006649
0.008788
0.007678
0.009212
0.006732
0.006471
0.008507
0.010325
0.007090
0.009809
0.008026
0.009434
0.013106
0.007213
0.009164
0.008558
0.008131
0.009619
0.008964
0.008245
0.008785
0.009759
0.007774
0.009609
0.007505
0.005589
0.006732
0.005408
0.008931
0.010083
0.009371
0.008231
0.010019
0.008778
0.008615
0.009264
0.008636
0.009784
0.008950
0.007104
0.010031
0.009006
0.008601
0.011650
0.007675
0.007287
0.008944
0.007352
0.008384
0.013382
0.006732
0.007204
0.006830
0.008060
0.007699
0.008090
0.008619
0.011210
0.009914
0.005909
0.009818
0.011029
0.007260
0.007215
0.008520
0.008741
0.007182
0.009722
0.009227
0.008138
0.008895
0.005620
0.008157
0.008155
0.007691
0.007364
0.006933
0.011665
0.006129
0.005747
0.007476
0.009728
0.007394
0.010278
0.008144
0.006910
0.008992
0.009650
0.006145
0.010422
0.008035
0.013867
0.007234
0.010056
0.009244
0.011853
0.010379
0.008642
0.008522
0.008159
0.010761
0.006572
0.009491
0.006341
0.015443
0.009546
0.009560
0.009995
0.011778
0.009973
0.009003
0.013747
0.007940
0.009448
0.007989
0.008970
0.005839
0.007867
0.007237
0.007301
0.009176
0.007231
0.011349
0.006769
0.008172
0.008817
0.007322
0.008722
0.007925
0.007916
0.007821
0.009064
0.008544
0.007142
0.007342
0.007365
0.007297
0.009225
0.006357
0.006751
0.008368
0.007451
0.010160
0.010431
0.009311
0.006995
0.006605
0.007136
0.006079
0.008588
0.008755
0.006997
0.006960
0.010915
0.006966
0.009742
0.008064
0.009292
0.007170
0.006491
0.008655
0.010119
0.010446
0.007804
0.010757
0.009951
0.008892
0.006397
0.006707
0.015465
0.006976
0.011737
0.008407
0.005711
0.007155
0.014280
0.009757
0.008229
0.011860
0.005433
0.006888
0.006454
0.006971
0.008807
0.007791
0.006779
0.006963
0.008788
0.009146
0.008419
0.006446
0.006564
0.006807
0.010200
0.009189
0.006864
0.007012
0.009579
0.008856
0.010010
0.009545
0.006617
0.009229
0.007690
0.005926
0.007629
0.008740
0.011562
0.005949
0.010079
0.009336
0.008193
0.010392
0.007847
0.006391
0.007405
0.008021
0.007906
0.007763
0.005238
0.006927
0.008210
0.006895
0.006801
0.008722
0.008694
0.008433
0.007782
0.006387
0.011161
0.008876
0.006792
0.006018
0.008330
0.009119
0.011070
0.009450
0.009530
0.006963
0.007231
0.009754
0.005602
0.007737
0.010443
0.008946
0.010726
0.009279
0.007196
0.009167
0.008933
0.006420
0.006254
0.008361
0.007345
0.006514
0.010672
0.008112
0.006954
0.007221
0.008798
0.010411
0.008821
0.008159
0.009614
0.008528
0.008472
0.007446
0.007508
0.009114
0.006864
0.008752
0.009543
0.008019
0.008313
0.011030
0.008086
0.006903
0.008004
0.009959
0.007943
0.009168
0.005168
0.009826
0.006413
0.006249
0.007203
0.007440
0.006559
0.006900
0.007498
0.006852
0.007435
0.006553
0.007959
0.005909
0.007441
0.008329
0.007993
0.008678
0.010147
0.007994
0.008564
0.006051
0.008809
0.009250
0.019820
0.008667
0.011168
0.008179
0.007572
0.013265
0.008259
0.008409
0.005807
0.007435
0.011275
0.007388
0.005896
0.006696
0.007946
0.009005
0.006491
0.009441
0.010266
0.007199
0.010433
0.007622
0.008370
0.007001
0.008476
0.007917
0.007431
0.005847
0.008601
0.008237
0.008900
0.006482
0.009028
0.008909
0.008821
0.005923
0.009564
0.007210
0.007825
0.007018
0.008053
0.010788
0.008222
0.005883
0.006541
0.008292
0.005999
0.008261
0.007525
0.007065
0.006671
0.008112
0.007648
0.008642
0.009252
0.012021
0.015457
0.006682
0.006615
0.008191
0.007246
0.007621
0.007483
0.009782
0.006469
0.009279
0.007093
0.008041
0.008428
0.011675
0.008866
0.008823
0.008886
0.008165
0.008430
0.010464
0.009857
0.006436
0.008008
0.005847
0.008920
0.007842
0.009666
0.009575
0.007805
0.008749
0.006219
0.009270
0.006951
0.008098
0.006502
0.005831
0.007374
0.006937
0.006656
0.009581
0.010196
0.005130
0.009593
0.007562
0.006147
0.009707
0.006041
0.011154
0.005233
0.008370
0.007161
0.006909
0.007178
0.008872
0.006499
0.006229
0.006535
0.008013
0.006326
0.006621
0.008172
0.007857
0.010092
0.006581
0.006169
0.006388
0.007008
0.007183
0.005177
0.006356
0.007945
0.007857
0.005955
0.007764
0.005502
0.006695
0.006598
0.008562
0.006357
0.009048
0.008489
0.008907
0.006730
0.008793
0.008976
0.008966
0.007988
0.009149
0.007534
0.007916
0.006977
0.008495
0.006460
0.009420
0.006857
0.008864
0.008791
0.007117
0.008530
0.008192
0.007076
0.011565
0.006070
0.007799
0.008937
0.011395
0.005717
0.006984
0.007114
0.006406
0.006867
0.005819
0.006683
0.006953
0.008844
0.012052
0.007270
0.005787
0.008766
0.007673
0.005437
0.006390
0.005752
0.007174
0.008029
0.009084
0.009492
0.008874
0.006915
0.007615
0.005978
0.006701
0.005873
0.006708
0.007251
0.007669
0.009133
0.008815
0.005838
0.010952
0.007026
0.006231
0.008556
0.007055
0.006870
0.008143
0.006894
0.007843
0.008082
0.009437
0.008942
0.008849
0.009601
0.006034
0.008679
0.006877
0.008382
0.007193
0.006635
0.007167
0.007590
0.013409
0.011350
0.006211
0.007098
0.013585
0.010468
0.011295
0.007997
0.007109
0.007460
0.005349
0.011821
0.009460
0.009976
0.007717
0.008964
0.008830
0.006367
0.008868
0.007433
0.007885
0.007128
0.008367
0.007372
0.006374
0.006266
0.009156
0.008618
0.005694
0.005451
0.005257
0.005732
0.007122
0.008136
0.008512
0.012846
0.005779
0.005999
0.009390
0.006840
0.007242
0.006945
0.009487
0.007272
0.008012
0.006807
0.012059
0.007706
0.007952
0.008340
0.005754
0.007774
0.006750
0.007948
0.005716
0.006816
0.008611
0.007845
0.009030
0.006380
0.007201
0.007220
0.007738
0.004726
0.005119
0.009511
0.004877
0.007662
0.006245
0.009769
0.010456
0.005677
0.007072
0.008003
0.007712
0.008464
0.007837
0.011380
0.009109
0.006702
0.008971
0.006332
0.009693
0.008382
0.011157
0.006880
0.007098
0.007055
0.007683
0.007966
0.007091
0.007797
0.007389
0.006853
0.005883
0.006043
0.007131
0.008407
0.008851
0.009131
0.008176
0.007528
0.007970
0.007325
0.005450
0.007118
0.010478
0.010319
0.008442
0.006404
0.006411
0.006831
0.009082
0.006462
0.007906
0.008014
0.008472
0.008491
0.006621
0.009934
0.006046
0.009028
0.009847
0.013603
0.007853
0.008403
0.006973
0.008464
0.004932
0.007727
0.009579
0.005418
0.008050
0.006851
0.007614
0.008388
0.005653
0.006863
0.007642
0.006730
0.007015
0.008425
0.007313
0.008523
0.007803
0.009514
0.008230
0.010171
0.010020
0.005338
0.008381
0.007987
0.007420
0.006648
0.009840
0.012915
0.008524
0.006330
0.007825
0.007923
0.007763
0.006781
0.006557
0.008574
0.009462
0.007133
0.007065
0.007607
0.006206
0.008229
0.007544
0.008309
0.009011
0.006870
0.009849
0.005026
0.011422
0.008582
0.008950
0.009334
0.006932
0.009222
0.007096
0.008786
0.008739
0.009324
0.009826
0.005919
0.007274
0.008111
0.009074
0.006841
0.009332
0.006776
0.007941
0.007533
0.005822
0.007488
0.007102
0.009203
0.007413
0.006668
0.006605
0.008774
0.009017
0.006857
0.007837
0.005105
0.006902
0.006314
0.006286
0.007662
0.007351
0.007925
0.008728
0.010727
0.005977
0.006115
0.010144
0.009025
0.008963
0.006917
0.006532
0.015761
0.008528
0.007688
0.005967